{"level":"info","message":"[MAIN] Starting","timestamp":"2026-03-04T19:48:40.950Z"}
{"level":"info","message":"[COUNTER] increase 1","timestamp":"2026-03-04T19:48:49.642Z"}
{"level":"info","message":"[ENDPOINT] GET '/counter-increase'","timestamp":"2026-03-04T19:48:49.643Z"}
{"level":"info","message":"[ENDPOINT] GET '/counter-read'","timestamp":"2026-03-04T19:48:53.992Z"}
{"level":"info","message":"[COUNTER] read 1","timestamp":"2026-03-04T19:48:53.994Z"}
{"level":"info","message":"[COUNTER] zeroed 0","timestamp":"2026-03-04T19:48:58.398Z"}
{"level":"info","message":"[ENDPOINT] GET '/counter-reset'","timestamp":"2026-03-04T19:48:58.398Z"}
{"level":"info","message":"[ENDPOINT] GET '/counter-read'","timestamp":"2026-03-04T19:49:01.422Z"}
{"level":"info","message":"[COUNTER] read 0","timestamp":"2026-03-04T19:49:01.430Z"}
{"level":"info","message":"[MAIN] Stopping","timestamp":"2026-03-04T19:49:05.453Z"}
{"level":"info","message":"[MAIN] Starting","timestamp":"2026-03-04T19:55:51.547Z"}
{"level":"info","message":"[MAIN] Stopping","timestamp":"2026-03-04T20:02:03.613Z"}
{"level":"info","message":"[MAIN] Starting","timestamp":"2026-03-04T20:02:04.696Z"}
{"level":"info","message":"[ENDPOINT] GET '/counter-read'","timestamp":"2026-03-04T20:02:18.396Z"}
{"level":"info","message":"[COUNTER] read 0","timestamp":"2026-03-04T20:02:18.397Z"}
{"level":"info","message":"[ENDPOINT] GET '/counter-read'","timestamp":"2026-03-04T20:02:31.143Z"}
{"level":"info","message":"[COUNTER] read 0","timestamp":"2026-03-04T20:02:31.144Z"}
{"level":"info","message":"[ENDPOINT] GET '/counter-increase'","timestamp":"2026-03-04T20:02:33.873Z"}
{"level":"info","message":"[COUNTER] increase 1","timestamp":"2026-03-04T20:02:33.874Z"}
{"level":"info","message":"[ENDPOINT] GET '/counter-increase'","timestamp":"2026-03-04T20:02:35.737Z"}
{"level":"info","message":"[COUNTER] increase 2","timestamp":"2026-03-04T20:02:35.737Z"}
{"level":"info","message":"[ENDPOINT] GET '/counter-increase'","timestamp":"2026-03-04T20:02:37.144Z"}
{"level":"info","message":"[COUNTER] increase 3","timestamp":"2026-03-04T20:02:37.144Z"}
{"level":"info","message":"[ENDPOINT] GET '/counter-increase'","timestamp":"2026-03-04T20:02:38.295Z"}
{"level":"info","message":"[COUNTER] increase 4","timestamp":"2026-03-04T20:02:38.295Z"}
{"level":"info","message":"[ENDPOINT] GET '/counter-read'","timestamp":"2026-03-04T20:02:39.806Z"}
{"level":"info","message":"[COUNTER] read 4","timestamp":"2026-03-04T20:02:39.807Z"}
{"level":"info","message":"[ENDPOINT] GET '/counter-increase'","timestamp":"2026-03-04T20:02:42.977Z"}
{"level":"info","message":"[COUNTER] increase 5","timestamp":"2026-03-04T20:02:42.977Z"}
{"level":"info","message":"[ENDPOINT] GET '/counter-read'","timestamp":"2026-03-04T20:02:45.065Z"}
{"level":"info","message":"[COUNTER] read 5","timestamp":"2026-03-04T20:02:45.066Z"}
{"level":"info","message":"[ENDPOINT] GET '/counter-reset'","timestamp":"2026-03-04T20:02:47.361Z"}
{"level":"info","message":"[COUNTER] zeroed 0","timestamp":"2026-03-04T20:02:47.361Z"}
{"level":"info","message":"[ENDPOINT] GET '/counter-read'","timestamp":"2026-03-04T20:02:52.356Z"}
{"level":"info","message":"[COUNTER] read 0","timestamp":"2026-03-04T20:02:52.357Z"}
{"level":"info","message":"[MAIN] Stopping","timestamp":"2026-03-04T20:14:13.211Z"}
{"level":"info","message":"[COUNTER] zeroed 0","timestamp":"2026-03-04T20:58:32.330Z"}
{"level":"info","message":"[COUNTER] read 0","timestamp":"2026-03-04T20:58:32.334Z"}
{"level":"info","message":"[COUNTER] zeroed 0","timestamp":"2026-03-04T20:58:32.336Z"}
{"level":"info","message":"[COUNTER] increase 1","timestamp":"2026-03-04T20:58:32.337Z"}
{"level":"info","message":"[COUNTER] read 1","timestamp":"2026-03-04T20:58:32.338Z"}
{"level":"info","message":"[COUNTER] zeroed 0","timestamp":"2026-03-04T20:58:32.339Z"}
{"level":"info","message":"[COUNTER] increase 1","timestamp":"2026-03-04T20:58:32.340Z"}
{"level":"info","message":"[COUNTER] increase 2","timestamp":"2026-03-04T20:58:32.340Z"}
{"level":"info","message":"[COUNTER] read 2","timestamp":"2026-03-04T20:58:32.341Z"}
{"level":"info","message":"[COUNTER] zeroed 0","timestamp":"2026-03-04T20:58:32.342Z"}
{"level":"info","message":"[COUNTER] increase 1","timestamp":"2026-03-04T20:58:32.342Z"}
{"level":"info","message":"[COUNTER] zeroed 0","timestamp":"2026-03-04T20:58:32.343Z"}
{"level":"info","message":"[COUNTER] read 0","timestamp":"2026-03-04T20:58:32.343Z"}
{"level":"info","message":"[MAIN] Starting","timestamp":"2026-03-04T20:58:32.456Z"}
{"level":"info","message":"[COUNTER] zeroed 0","timestamp":"2026-03-04T20:59:00.679Z"}
{"level":"info","message":"[COUNTER] read 0","timestamp":"2026-03-04T20:59:00.681Z"}
{"level":"info","message":"[COUNTER] zeroed 0","timestamp":"2026-03-04T20:59:00.684Z"}
{"level":"info","message":"[COUNTER] increase 1","timestamp":"2026-03-04T20:59:00.684Z"}
{"level":"info","message":"[COUNTER] read 1","timestamp":"2026-03-04T20:59:00.685Z"}
{"level":"info","message":"[COUNTER] zeroed 0","timestamp":"2026-03-04T20:59:00.686Z"}
{"level":"info","message":"[COUNTER] increase 1","timestamp":"2026-03-04T20:59:00.687Z"}
{"level":"info","message":"[COUNTER] increase 2","timestamp":"2026-03-04T20:59:00.687Z"}
{"level":"info","message":"[COUNTER] read 2","timestamp":"2026-03-04T20:59:00.688Z"}
{"level":"info","message":"[COUNTER] zeroed 0","timestamp":"2026-03-04T20:59:00.689Z"}
{"level":"info","message":"[COUNTER] increase 1","timestamp":"2026-03-04T20:59:00.690Z"}
{"level":"info","message":"[COUNTER] zeroed 0","timestamp":"2026-03-04T20:59:00.690Z"}
{"level":"info","message":"[COUNTER] read 0","timestamp":"2026-03-04T20:59:00.691Z"}
{"level":"info","message":"[MAIN] Starting","timestamp":"2026-03-04T20:59:00.789Z"}
{"level":"info","message":"[COUNTER] zeroed 0","timestamp":"2026-03-04T21:00:54.370Z"}
{"level":"info","message":"[COUNTER] read 0","timestamp":"2026-03-04T21:00:54.374Z"}
{"level":"info","message":"[COUNTER] zeroed 0","timestamp":"2026-03-04T21:00:54.377Z"}
{"level":"info","message":"[COUNTER] increase 1","timestamp":"2026-03-04T21:00:54.378Z"}
{"level":"info","message":"[COUNTER] read 1","timestamp":"2026-03-04T21:00:54.378Z"}
{"level":"info","message":"[COUNTER] zeroed 0","timestamp":"2026-03-04T21:00:54.379Z"}
{"level":"info","message":"[COUNTER] increase 1","timestamp":"2026-03-04T21:00:54.379Z"}
{"level":"info","message":"[COUNTER] increase 2","timestamp":"2026-03-04T21:00:54.380Z"}
{"level":"info","message":"[COUNTER] read 2","timestamp":"2026-03-04T21:00:54.380Z"}
{"level":"info","message":"[COUNTER] zeroed 0","timestamp":"2026-03-04T21:00:54.381Z"}
{"level":"info","message":"[COUNTER] increase 1","timestamp":"2026-03-04T21:00:54.382Z"}
{"level":"info","message":"[COUNTER] zeroed 0","timestamp":"2026-03-04T21:00:54.382Z"}
{"level":"info","message":"[COUNTER] read 0","timestamp":"2026-03-04T21:00:54.383Z"}
{"level":"info","message":"[MAIN] Starting","timestamp":"2026-03-04T21:00:54.396Z"}
{"level":"info","message":"[COUNTER] zeroed 0","timestamp":"2026-03-04T21:00:54.400Z"}
{"level":"info","message":"[COUNTER] zeroed 0","timestamp":"2026-03-04T21:00:54.459Z"}
{"level":"info","message":"[ENDPOINT] GET '/counter-increase'","timestamp":"2026-03-04T21:00:54.461Z"}
{"level":"info","message":"[COUNTER] increase 1","timestamp":"2026-03-04T21:00:54.461Z"}
{"level":"info","message":"[COUNTER] read 1","timestamp":"2026-03-04T21:00:54.463Z"}
{"level":"info","message":"[COUNTER] zeroed 0","timestamp":"2026-03-04T21:00:54.464Z"}
{"level":"info","message":"[COUNTER] increase 1","timestamp":"2026-03-04T21:00:54.464Z"}
{"level":"info","message":"[ENDPOINT] GET '/counter-read'","timestamp":"2026-03-04T21:00:54.466Z"}
{"level":"info","message":"[COUNTER] read 1","timestamp":"2026-03-04T21:00:54.466Z"}
{"level":"info","message":"[COUNTER] zeroed 0","timestamp":"2026-03-04T21:00:54.469Z"}
{"level":"info","message":"[COUNTER] increase 1","timestamp":"2026-03-04T21:00:54.470Z"}
{"level":"info","message":"[ENDPOINT] GET '/counter-reset'","timestamp":"2026-03-04T21:00:54.471Z"}
{"level":"info","message":"[COUNTER] zeroed 0","timestamp":"2026-03-04T21:00:54.472Z"}
{"level":"info","message":"[COUNTER] read 0","timestamp":"2026-03-04T21:00:54.474Z"}
{"level":"info","message":"[MAIN] Starting","timestamp":"2026-03-04T21:07:44.591Z"}
{"level":"info","message":"[MAIN] Stopping","timestamp":"2026-03-04T21:08:44.972Z"}
{"level":"info","message":"[COUNTER] zeroed 0","timestamp":"2026-03-04T21:08:47.797Z"}
{"level":"info","message":"[COUNTER] read 0","timestamp":"2026-03-04T21:08:47.799Z"}
{"level":"info","message":"[COUNTER] zeroed 0","timestamp":"2026-03-04T21:08:47.801Z"}
{"level":"info","message":"[COUNTER] increase 1","timestamp":"2026-03-04T21:08:47.802Z"}
{"level":"info","message":"[COUNTER] read 1","timestamp":"2026-03-04T21:08:47.803Z"}
{"level":"info","message":"[COUNTER] zeroed 0","timestamp":"2026-03-04T21:08:47.805Z"}
{"level":"info","message":"[COUNTER] increase 1","timestamp":"2026-03-04T21:08:47.806Z"}
{"level":"info","message":"[COUNTER] increase 2","timestamp":"2026-03-04T21:08:47.806Z"}
{"level":"info","message":"[COUNTER] read 2","timestamp":"2026-03-04T21:08:47.806Z"}
{"level":"info","message":"[COUNTER] zeroed 0","timestamp":"2026-03-04T21:08:47.807Z"}
{"level":"info","message":"[COUNTER] increase 1","timestamp":"2026-03-04T21:08:47.808Z"}
{"level":"info","message":"[COUNTER] zeroed 0","timestamp":"2026-03-04T21:08:47.808Z"}
{"level":"info","message":"[COUNTER] read 0","timestamp":"2026-03-04T21:08:47.809Z"}
{"level":"info","message":"[MAIN] Starting","timestamp":"2026-03-04T21:08:47.820Z"}
{"level":"info","message":"[COUNTER] zeroed 0","timestamp":"2026-03-04T21:08:47.825Z"}
{"level":"info","message":"[COUNTER] zeroed 0","timestamp":"2026-03-04T21:08:47.889Z"}
{"level":"info","message":"[ENDPOINT] GET '/counter-increase'","timestamp":"2026-03-04T21:08:47.890Z"}
{"level":"info","message":"[COUNTER] increase 1","timestamp":"2026-03-04T21:08:47.890Z"}
{"level":"info","message":"[COUNTER] read 1","timestamp":"2026-03-04T21:08:47.893Z"}
{"level":"info","message":"[COUNTER] zeroed 0","timestamp":"2026-03-04T21:08:47.894Z"}
{"level":"info","message":"[COUNTER] increase 1","timestamp":"2026-03-04T21:08:47.894Z"}
{"level":"info","message":"[ENDPOINT] GET '/counter-read'","timestamp":"2026-03-04T21:08:47.896Z"}
{"level":"info","message":"[COUNTER] read 1","timestamp":"2026-03-04T21:08:47.896Z"}
{"level":"info","message":"[COUNTER] zeroed 0","timestamp":"2026-03-04T21:08:47.899Z"}
{"level":"info","message":"[COUNTER] increase 1","timestamp":"2026-03-04T21:08:47.900Z"}
{"level":"info","message":"[ENDPOINT] GET '/counter-reset'","timestamp":"2026-03-04T21:08:47.901Z"}
{"level":"info","message":"[COUNTER] zeroed 0","timestamp":"2026-03-04T21:08:47.901Z"}
{"level":"info","message":"[COUNTER] read 0","timestamp":"2026-03-04T21:08:47.905Z"}
{"level":"info","message":"[COUNTER] zeroed 0","timestamp":"2026-03-04T21:10:19.031Z"}
{"level":"info","message":"[COUNTER] read 0","timestamp":"2026-03-04T21:10:19.035Z"}
{"level":"info","message":"[COUNTER] zeroed 0","timestamp":"2026-03-04T21:10:19.037Z"}
{"level":"info","message":"[COUNTER] increase 1","timestamp":"2026-03-04T21:10:19.038Z"}
{"level":"info","message":"[COUNTER] read 1","timestamp":"2026-03-04T21:10:19.038Z"}
{"level":"info","message":"[COUNTER] zeroed 0","timestamp":"2026-03-04T21:10:19.039Z"}
{"level":"info","message":"[COUNTER] increase 1","timestamp":"2026-03-04T21:10:19.040Z"}
{"level":"info","message":"[COUNTER] increase 2","timestamp":"2026-03-04T21:10:19.040Z"}
{"level":"info","message":"[COUNTER] read 2","timestamp":"2026-03-04T21:10:19.040Z"}
{"level":"info","message":"[COUNTER] zeroed 0","timestamp":"2026-03-04T21:10:19.042Z"}
{"level":"info","message":"[COUNTER] increase 1","timestamp":"2026-03-04T21:10:19.042Z"}
{"level":"info","message":"[COUNTER] zeroed 0","timestamp":"2026-03-04T21:10:19.043Z"}
{"level":"info","message":"[COUNTER] read 0","timestamp":"2026-03-04T21:10:19.043Z"}
{"level":"info","message":"[MAIN] Starting","timestamp":"2026-03-04T21:10:19.055Z"}
{"level":"info","message":"[COUNTER] zeroed 0","timestamp":"2026-03-04T21:10:19.060Z"}
{"level":"info","message":"[COUNTER] zeroed 0","timestamp":"2026-03-04T21:10:19.116Z"}
{"level":"info","message":"[ENDPOINT] GET '/counter-increase'","timestamp":"2026-03-04T21:10:19.118Z"}
{"level":"info","message":"[COUNTER] increase 1","timestamp":"2026-03-04T21:10:19.118Z"}
{"level":"info","message":"[COUNTER] read 1","timestamp":"2026-03-04T21:10:19.120Z"}
{"level":"info","message":"[COUNTER] zeroed 0","timestamp":"2026-03-04T21:10:19.121Z"}
{"level":"info","message":"[COUNTER] increase 1","timestamp":"2026-03-04T21:10:19.121Z"}
{"level":"info","message":"[ENDPOINT] GET '/counter-read'","timestamp":"2026-03-04T21:10:19.123Z"}
{"level":"info","message":"[COUNTER] read 1","timestamp":"2026-03-04T21:10:19.123Z"}
{"level":"info","message":"[COUNTER] zeroed 0","timestamp":"2026-03-04T21:10:19.126Z"}
{"level":"info","message":"[COUNTER] increase 1","timestamp":"2026-03-04T21:10:19.126Z"}
{"level":"info","message":"[ENDPOINT] GET '/counter-reset'","timestamp":"2026-03-04T21:10:19.128Z"}
{"level":"info","message":"[COUNTER] zeroed 0","timestamp":"2026-03-04T21:10:19.129Z"}
{"level":"info","message":"[COUNTER] read 0","timestamp":"2026-03-04T21:10:19.131Z"}
{"level":"info","message":"[COUNTER] zeroed 0","timestamp":"2026-03-04T21:11:02.219Z"}
{"level":"info","message":"[COUNTER] read 0","timestamp":"2026-03-04T21:11:02.222Z"}
{"level":"info","message":"[COUNTER] zeroed 0","timestamp":"2026-03-04T21:11:02.225Z"}
{"level":"info","message":"[COUNTER] increase 1","timestamp":"2026-03-04T21:11:02.226Z"}
{"level":"info","message":"[COUNTER] read 1","timestamp":"2026-03-04T21:11:02.226Z"}
{"level":"info","message":"[COUNTER] zeroed 0","timestamp":"2026-03-04T21:11:02.228Z"}
{"level":"info","message":"[COUNTER] increase 1","timestamp":"2026-03-04T21:11:02.228Z"}
{"level":"info","message":"[COUNTER] increase 2","timestamp":"2026-03-04T21:11:02.228Z"}
{"level":"info","message":"[COUNTER] read 2","timestamp":"2026-03-04T21:11:02.229Z"}
{"level":"info","message":"[COUNTER] zeroed 0","timestamp":"2026-03-04T21:11:02.230Z"}
{"level":"info","message":"[COUNTER] increase 1","timestamp":"2026-03-04T21:11:02.231Z"}
{"level":"info","message":"[COUNTER] zeroed 0","timestamp":"2026-03-04T21:11:02.231Z"}
{"level":"info","message":"[COUNTER] read 0","timestamp":"2026-03-04T21:11:02.232Z"}
{"level":"info","message":"[MAIN] Starting","timestamp":"2026-03-04T21:11:02.243Z"}
{"level":"info","message":"[COUNTER] zeroed 0","timestamp":"2026-03-04T21:11:02.248Z"}
{"level":"info","message":"[COUNTER] zeroed 0","timestamp":"2026-03-04T21:11:02.308Z"}
{"level":"info","message":"[ENDPOINT] GET '/counter-increase'","timestamp":"2026-03-04T21:11:02.309Z"}
{"level":"info","message":"[COUNTER] increase 1","timestamp":"2026-03-04T21:11:02.309Z"}
{"level":"info","message":"[COUNTER] read 1","timestamp":"2026-03-04T21:11:02.311Z"}
{"level":"info","message":"[COUNTER] zeroed 0","timestamp":"2026-03-04T21:11:02.312Z"}
{"level":"info","message":"[COUNTER] increase 1","timestamp":"2026-03-04T21:11:02.312Z"}
{"level":"info","message":"[ENDPOINT] GET '/counter-read'","timestamp":"2026-03-04T21:11:02.314Z"}
{"level":"info","message":"[COUNTER] read 1","timestamp":"2026-03-04T21:11:02.315Z"}
{"level":"info","message":"[COUNTER] zeroed 0","timestamp":"2026-03-04T21:11:02.319Z"}
{"level":"info","message":"[COUNTER] increase 1","timestamp":"2026-03-04T21:11:02.319Z"}
{"level":"info","message":"[ENDPOINT] GET '/counter-reset'","timestamp":"2026-03-04T21:11:02.321Z"}
{"level":"info","message":"[COUNTER] zeroed 0","timestamp":"2026-03-04T21:11:02.322Z"}
{"level":"info","message":"[COUNTER] read 0","timestamp":"2026-03-04T21:11:02.325Z"}
{"level":"info","message":"[COUNTER] zeroed 0","timestamp":"2026-03-04T21:11:37.634Z"}
{"level":"info","message":"[COUNTER] read 0","timestamp":"2026-03-04T21:11:37.638Z"}
{"level":"info","message":"[COUNTER] zeroed 0","timestamp":"2026-03-04T21:11:37.641Z"}
{"level":"info","message":"[COUNTER] increase 1","timestamp":"2026-03-04T21:11:37.641Z"}
{"level":"info","message":"[COUNTER] read 1","timestamp":"2026-03-04T21:11:37.642Z"}
{"level":"info","message":"[COUNTER] zeroed 0","timestamp":"2026-03-04T21:11:37.642Z"}
{"level":"info","message":"[COUNTER] increase 1","timestamp":"2026-03-04T21:11:37.643Z"}
{"level":"info","message":"[COUNTER] increase 2","timestamp":"2026-03-04T21:11:37.643Z"}
{"level":"info","message":"[COUNTER] read 2","timestamp":"2026-03-04T21:11:37.643Z"}
{"level":"info","message":"[COUNTER] zeroed 0","timestamp":"2026-03-04T21:11:37.645Z"}
{"level":"info","message":"[COUNTER] increase 1","timestamp":"2026-03-04T21:11:37.645Z"}
{"level":"info","message":"[COUNTER] zeroed 0","timestamp":"2026-03-04T21:11:37.646Z"}
{"level":"info","message":"[COUNTER] read 0","timestamp":"2026-03-04T21:11:37.646Z"}
{"level":"info","message":"[MAIN] Starting","timestamp":"2026-03-04T21:11:37.657Z"}
{"level":"info","message":"[COUNTER] zeroed 0","timestamp":"2026-03-04T21:11:37.660Z"}
{"level":"info","message":"[COUNTER] zeroed 0","timestamp":"2026-03-04T21:11:37.722Z"}
{"level":"info","message":"[ENDPOINT] GET '/counter-increase'","timestamp":"2026-03-04T21:11:37.724Z"}
{"level":"info","message":"[COUNTER] increase 1","timestamp":"2026-03-04T21:11:37.724Z"}
{"level":"info","message":"[COUNTER] read 1","timestamp":"2026-03-04T21:11:37.727Z"}
{"level":"info","message":"[COUNTER] zeroed 0","timestamp":"2026-03-04T21:11:37.728Z"}
{"level":"info","message":"[COUNTER] increase 1","timestamp":"2026-03-04T21:11:37.728Z"}
{"level":"info","message":"[ENDPOINT] GET '/counter-read'","timestamp":"2026-03-04T21:11:37.730Z"}
{"level":"info","message":"[COUNTER] read 1","timestamp":"2026-03-04T21:11:37.730Z"}
{"level":"info","message":"[COUNTER] zeroed 0","timestamp":"2026-03-04T21:11:37.733Z"}
{"level":"info","message":"[COUNTER] increase 1","timestamp":"2026-03-04T21:11:37.734Z"}
{"level":"info","message":"[ENDPOINT] GET '/counter-reset'","timestamp":"2026-03-04T21:11:37.736Z"}
{"level":"info","message":"[COUNTER] zeroed 0","timestamp":"2026-03-04T21:11:37.736Z"}
{"level":"info","message":"[COUNTER] read 0","timestamp":"2026-03-04T21:11:37.738Z"}
{"level":"info","message":"[COUNTER] zeroed 0","timestamp":"2026-03-04T21:12:15.131Z"}
{"level":"info","message":"[COUNTER] read 0","timestamp":"2026-03-04T21:12:15.135Z"}
{"level":"info","message":"[COUNTER] zeroed 0","timestamp":"2026-03-04T21:12:15.137Z"}
{"level":"info","message":"[COUNTER] increase 1","timestamp":"2026-03-04T21:12:15.138Z"}
{"level":"info","message":"[COUNTER] read 1","timestamp":"2026-03-04T21:12:15.138Z"}
{"level":"info","message":"[COUNTER] zeroed 0","timestamp":"2026-03-04T21:12:15.139Z"}
{"level":"info","message":"[COUNTER] increase 1","timestamp":"2026-03-04T21:12:15.139Z"}
{"level":"info","message":"[COUNTER] increase 2","timestamp":"2026-03-04T21:12:15.139Z"}
{"level":"info","message":"[COUNTER] read 2","timestamp":"2026-03-04T21:12:15.140Z"}
{"level":"info","message":"[COUNTER] zeroed 0","timestamp":"2026-03-04T21:12:15.141Z"}
{"level":"info","message":"[COUNTER] increase 1","timestamp":"2026-03-04T21:12:15.142Z"}
{"level":"info","message":"[COUNTER] zeroed 0","timestamp":"2026-03-04T21:12:15.142Z"}
{"level":"info","message":"[COUNTER] read 0","timestamp":"2026-03-04T21:12:15.142Z"}
{"level":"info","message":"[MAIN] Starting","timestamp":"2026-03-04T21:12:15.154Z"}
{"level":"info","message":"[COUNTER] zeroed 0","timestamp":"2026-03-04T21:12:15.160Z"}
{"level":"info","message":"[COUNTER] zeroed 0","timestamp":"2026-03-04T21:12:15.228Z"}
{"level":"info","message":"[ENDPOINT] GET '/counter-increase'","timestamp":"2026-03-04T21:12:15.231Z"}
{"level":"info","message":"[COUNTER] increase 1","timestamp":"2026-03-04T21:12:15.231Z"}
{"level":"info","message":"[COUNTER] read 1","timestamp":"2026-03-04T21:12:15.235Z"}
{"level":"info","message":"[COUNTER] zeroed 0","timestamp":"2026-03-04T21:12:15.235Z"}
{"level":"info","message":"[COUNTER] increase 1","timestamp":"2026-03-04T21:12:15.236Z"}
{"level":"info","message":"[ENDPOINT] GET '/counter-read'","timestamp":"2026-03-04T21:12:15.238Z"}
{"level":"info","message":"[COUNTER] read 1","timestamp":"2026-03-04T21:12:15.238Z"}
{"level":"info","message":"[COUNTER] zeroed 0","timestamp":"2026-03-04T21:12:15.243Z"}
{"level":"info","message":"[COUNTER] increase 1","timestamp":"2026-03-04T21:12:15.243Z"}
{"level":"info","message":"[ENDPOINT] GET '/counter-reset'","timestamp":"2026-03-04T21:12:15.245Z"}
{"level":"info","message":"[COUNTER] zeroed 0","timestamp":"2026-03-04T21:12:15.245Z"}
{"level":"info","message":"[COUNTER] read 0","timestamp":"2026-03-04T21:12:15.248Z"}
{"level":"info","message":"[COUNTER] zeroed 0","timestamp":"2026-03-04T21:13:11.202Z"}
{"level":"info","message":"[COUNTER] read 0","timestamp":"2026-03-04T21:13:11.206Z"}
{"level":"info","message":"[COUNTER] zeroed 0","timestamp":"2026-03-04T21:13:11.209Z"}
{"level":"info","message":"[COUNTER] increase 1","timestamp":"2026-03-04T21:13:11.210Z"}
{"level":"info","message":"[COUNTER] read 1","timestamp":"2026-03-04T21:13:11.210Z"}
{"level":"info","message":"[COUNTER] zeroed 0","timestamp":"2026-03-04T21:13:11.211Z"}
{"level":"info","message":"[COUNTER] increase 1","timestamp":"2026-03-04T21:13:11.211Z"}
{"level":"info","message":"[COUNTER] increase 2","timestamp":"2026-03-04T21:13:11.212Z"}
{"level":"info","message":"[COUNTER] read 2","timestamp":"2026-03-04T21:13:11.212Z"}
{"level":"info","message":"[COUNTER] zeroed 0","timestamp":"2026-03-04T21:13:11.213Z"}
{"level":"info","message":"[COUNTER] increase 1","timestamp":"2026-03-04T21:13:11.214Z"}
{"level":"info","message":"[COUNTER] zeroed 0","timestamp":"2026-03-04T21:13:11.214Z"}
{"level":"info","message":"[COUNTER] read 0","timestamp":"2026-03-04T21:13:11.214Z"}
{"level":"info","message":"[MAIN] Starting","timestamp":"2026-03-04T21:13:11.225Z"}
{"level":"info","message":"[COUNTER] zeroed 0","timestamp":"2026-03-04T21:13:11.228Z"}
{"level":"info","message":"[COUNTER] zeroed 0","timestamp":"2026-03-04T21:13:11.286Z"}
{"level":"info","message":"[ENDPOINT] GET '/counter-increase'","timestamp":"2026-03-04T21:13:11.288Z"}
{"level":"info","message":"[COUNTER] increase 1","timestamp":"2026-03-04T21:13:11.288Z"}
{"level":"info","message":"[COUNTER] read 1","timestamp":"2026-03-04T21:13:11.290Z"}
{"level":"info","message":"[COUNTER] zeroed 0","timestamp":"2026-03-04T21:13:11.291Z"}
{"level":"info","message":"[COUNTER] increase 1","timestamp":"2026-03-04T21:13:11.291Z"}
{"level":"info","message":"[ENDPOINT] GET '/counter-read'","timestamp":"2026-03-04T21:13:11.293Z"}
{"level":"info","message":"[COUNTER] read 1","timestamp":"2026-03-04T21:13:11.293Z"}
{"level":"info","message":"[COUNTER] zeroed 0","timestamp":"2026-03-04T21:13:11.296Z"}
{"level":"info","message":"[COUNTER] increase 1","timestamp":"2026-03-04T21:13:11.296Z"}
{"level":"info","message":"[ENDPOINT] GET '/counter-reset'","timestamp":"2026-03-04T21:13:11.298Z"}
{"level":"info","message":"[COUNTER] zeroed 0","timestamp":"2026-03-04T21:13:11.298Z"}
{"level":"info","message":"[COUNTER] read 0","timestamp":"2026-03-04T21:13:11.300Z"}
{"level":"info","message":"[COUNTER] zeroed 0","timestamp":"2026-03-04T21:13:48.305Z"}
{"level":"info","message":"[COUNTER] read 0","timestamp":"2026-03-04T21:13:48.308Z"}
{"level":"info","message":"[COUNTER] zeroed 0","timestamp":"2026-03-04T21:13:48.310Z"}
{"level":"info","message":"[COUNTER] increase 1","timestamp":"2026-03-04T21:13:48.311Z"}
{"level":"info","message":"[COUNTER] read 1","timestamp":"2026-03-04T21:13:48.311Z"}
{"level":"info","message":"[COUNTER] zeroed 0","timestamp":"2026-03-04T21:13:48.312Z"}
{"level":"info","message":"[COUNTER] increase 1","timestamp":"2026-03-04T21:13:48.313Z"}
{"level":"info","message":"[COUNTER] increase 2","timestamp":"2026-03-04T21:13:48.313Z"}
{"level":"info","message":"[COUNTER] read 2","timestamp":"2026-03-04T21:13:48.314Z"}
{"level":"info","message":"[COUNTER] zeroed 0","timestamp":"2026-03-04T21:13:48.315Z"}
{"level":"info","message":"[COUNTER] increase 1","timestamp":"2026-03-04T21:13:48.316Z"}
{"level":"info","message":"[COUNTER] zeroed 0","timestamp":"2026-03-04T21:13:48.316Z"}
{"level":"info","message":"[COUNTER] read 0","timestamp":"2026-03-04T21:13:48.317Z"}
{"level":"info","message":"[MAIN] Starting","timestamp":"2026-03-04T21:13:48.329Z"}
{"level":"info","message":"[COUNTER] zeroed 0","timestamp":"2026-03-04T21:13:48.334Z"}
{"level":"info","message":"[COUNTER] zeroed 0","timestamp":"2026-03-04T21:13:48.396Z"}
{"level":"info","message":"[ENDPOINT] GET '/counter-increase'","timestamp":"2026-03-04T21:13:48.398Z"}
{"level":"info","message":"[COUNTER] increase 1","timestamp":"2026-03-04T21:13:48.398Z"}
{"level":"info","message":"[COUNTER] read 1","timestamp":"2026-03-04T21:13:48.401Z"}
{"level":"info","message":"[COUNTER] zeroed 0","timestamp":"2026-03-04T21:13:48.401Z"}
{"level":"info","message":"[COUNTER] increase 1","timestamp":"2026-03-04T21:13:48.402Z"}
{"level":"info","message":"[ENDPOINT] GET '/counter-read'","timestamp":"2026-03-04T21:13:48.403Z"}
{"level":"info","message":"[COUNTER] read 1","timestamp":"2026-03-04T21:13:48.403Z"}
{"level":"info","message":"[COUNTER] zeroed 0","timestamp":"2026-03-04T21:13:48.407Z"}
{"level":"info","message":"[COUNTER] increase 1","timestamp":"2026-03-04T21:13:48.407Z"}
{"level":"info","message":"[ENDPOINT] GET '/counter-reset'","timestamp":"2026-03-04T21:13:48.409Z"}
{"level":"info","message":"[COUNTER] zeroed 0","timestamp":"2026-03-04T21:13:48.410Z"}
{"level":"info","message":"[COUNTER] read 0","timestamp":"2026-03-04T21:13:48.412Z"}
{"level":"info","message":"[COUNTER] zeroed 0","timestamp":"2026-03-04T21:15:00.123Z"}
{"level":"info","message":"[COUNTER] read 0","timestamp":"2026-03-04T21:15:00.126Z"}
{"level":"info","message":"[COUNTER] zeroed 0","timestamp":"2026-03-04T21:15:00.128Z"}
{"level":"info","message":"[COUNTER] increase 1","timestamp":"2026-03-04T21:15:00.129Z"}
{"level":"info","message":"[COUNTER] read 1","timestamp":"2026-03-04T21:15:00.129Z"}
{"level":"info","message":"[COUNTER] zeroed 0","timestamp":"2026-03-04T21:15:00.130Z"}
{"level":"info","message":"[COUNTER] increase 1","timestamp":"2026-03-04T21:15:00.131Z"}
{"level":"info","message":"[COUNTER] increase 2","timestamp":"2026-03-04T21:15:00.131Z"}
{"level":"info","message":"[COUNTER] read 2","timestamp":"2026-03-04T21:15:00.132Z"}
{"level":"info","message":"[COUNTER] zeroed 0","timestamp":"2026-03-04T21:15:00.134Z"}
{"level":"info","message":"[COUNTER] increase 1","timestamp":"2026-03-04T21:15:00.134Z"}
{"level":"info","message":"[COUNTER] zeroed 0","timestamp":"2026-03-04T21:15:00.135Z"}
{"level":"info","message":"[COUNTER] read 0","timestamp":"2026-03-04T21:15:00.135Z"}
{"level":"info","message":"[MAIN] Starting","timestamp":"2026-03-04T21:15:00.150Z"}
{"level":"info","message":"[COUNTER] zeroed 0","timestamp":"2026-03-04T21:15:00.155Z"}
{"level":"info","message":"[COUNTER] zeroed 0","timestamp":"2026-03-04T21:15:00.230Z"}
{"level":"info","message":"[ENDPOINT] GET '/counter-increase'","timestamp":"2026-03-04T21:15:00.231Z"}
{"level":"info","message":"[COUNTER] increase 1","timestamp":"2026-03-04T21:15:00.231Z"}
{"level":"info","message":"[COUNTER] read 1","timestamp":"2026-03-04T21:15:00.233Z"}
{"level":"info","message":"[COUNTER] zeroed 0","timestamp":"2026-03-04T21:15:00.234Z"}
{"level":"info","message":"[COUNTER] increase 1","timestamp":"2026-03-04T21:15:00.234Z"}
{"level":"info","message":"[ENDPOINT] GET '/counter-read'","timestamp":"2026-03-04T21:15:00.236Z"}
{"level":"info","message":"[COUNTER] read 1","timestamp":"2026-03-04T21:15:00.236Z"}
{"level":"info","message":"[COUNTER] zeroed 0","timestamp":"2026-03-04T21:15:00.240Z"}
{"level":"info","message":"[COUNTER] increase 1","timestamp":"2026-03-04T21:15:00.241Z"}
{"level":"info","message":"[ENDPOINT] GET '/counter-reset'","timestamp":"2026-03-04T21:15:00.243Z"}
{"level":"info","message":"[COUNTER] zeroed 0","timestamp":"2026-03-04T21:15:00.243Z"}
{"level":"info","message":"[COUNTER] read 0","timestamp":"2026-03-04T21:15:00.246Z"}
{"level":"info","message":"[COUNTER] zeroed 0","timestamp":"2026-03-04T21:15:19.084Z"}
{"level":"info","message":"[COUNTER] read 0","timestamp":"2026-03-04T21:15:19.088Z"}
{"level":"info","message":"[COUNTER] zeroed 0","timestamp":"2026-03-04T21:15:19.090Z"}
{"level":"info","message":"[COUNTER] increase 1","timestamp":"2026-03-04T21:15:19.091Z"}
{"level":"info","message":"[COUNTER] read 1","timestamp":"2026-03-04T21:15:19.091Z"}
{"level":"info","message":"[COUNTER] zeroed 0","timestamp":"2026-03-04T21:15:19.092Z"}
{"level":"info","message":"[COUNTER] increase 1","timestamp":"2026-03-04T21:15:19.093Z"}
{"level":"info","message":"[COUNTER] increase 2","timestamp":"2026-03-04T21:15:19.093Z"}
{"level":"info","message":"[COUNTER] read 2","timestamp":"2026-03-04T21:15:19.093Z"}
{"level":"info","message":"[COUNTER] zeroed 0","timestamp":"2026-03-04T21:15:19.095Z"}
{"level":"info","message":"[COUNTER] increase 1","timestamp":"2026-03-04T21:15:19.096Z"}
{"level":"info","message":"[COUNTER] zeroed 0","timestamp":"2026-03-04T21:15:19.096Z"}
{"level":"info","message":"[COUNTER] read 0","timestamp":"2026-03-04T21:15:19.097Z"}
{"level":"info","message":"[MAIN] Starting","timestamp":"2026-03-04T21:15:19.107Z"}
{"level":"info","message":"[COUNTER] zeroed 0","timestamp":"2026-03-04T21:15:19.112Z"}
{"level":"info","message":"[COUNTER] zeroed 0","timestamp":"2026-03-04T21:15:19.172Z"}
{"level":"info","message":"[ENDPOINT] GET '/counter-increase'","timestamp":"2026-03-04T21:15:19.173Z"}
{"level":"info","message":"[COUNTER] increase 1","timestamp":"2026-03-04T21:15:19.173Z"}
{"level":"info","message":"[COUNTER] read 1","timestamp":"2026-03-04T21:15:19.176Z"}
{"level":"info","message":"[COUNTER] zeroed 0","timestamp":"2026-03-04T21:15:19.176Z"}
{"level":"info","message":"[COUNTER] increase 1","timestamp":"2026-03-04T21:15:19.177Z"}
{"level":"info","message":"[ENDPOINT] GET '/counter-read'","timestamp":"2026-03-04T21:15:19.178Z"}
{"level":"info","message":"[COUNTER] read 1","timestamp":"2026-03-04T21:15:19.179Z"}
{"level":"info","message":"[COUNTER] zeroed 0","timestamp":"2026-03-04T21:15:19.182Z"}
{"level":"info","message":"[COUNTER] increase 1","timestamp":"2026-03-04T21:15:19.183Z"}
{"level":"info","message":"[ENDPOINT] GET '/counter-reset'","timestamp":"2026-03-04T21:15:19.185Z"}
{"level":"info","message":"[COUNTER] zeroed 0","timestamp":"2026-03-04T21:15:19.185Z"}
{"level":"info","message":"[COUNTER] read 0","timestamp":"2026-03-04T21:15:19.188Z"}
{"level":"info","message":"[MAIN] Stopping","timestamp":"2026-03-04T21:16:00.328Z"}
{"level":"info","message":"[COUNTER] zeroed 0","timestamp":"2026-03-04T21:16:14.742Z"}
{"level":"info","message":"[COUNTER] read 0","timestamp":"2026-03-04T21:16:14.745Z"}
{"level":"info","message":"[COUNTER] zeroed 0","timestamp":"2026-03-04T21:16:14.747Z"}
{"level":"info","message":"[COUNTER] increase 1","timestamp":"2026-03-04T21:16:14.748Z"}
{"level":"info","message":"[COUNTER] read 1","timestamp":"2026-03-04T21:16:14.749Z"}
{"level":"info","message":"[COUNTER] zeroed 0","timestamp":"2026-03-04T21:16:14.750Z"}
{"level":"info","message":"[COUNTER] increase 1","timestamp":"2026-03-04T21:16:14.750Z"}
{"level":"info","message":"[COUNTER] increase 2","timestamp":"2026-03-04T21:16:14.751Z"}
{"level":"info","message":"[COUNTER] read 2","timestamp":"2026-03-04T21:16:14.751Z"}
{"level":"info","message":"[COUNTER] zeroed 0","timestamp":"2026-03-04T21:16:14.752Z"}
{"level":"info","message":"[COUNTER] increase 1","timestamp":"2026-03-04T21:16:14.753Z"}
{"level":"info","message":"[COUNTER] zeroed 0","timestamp":"2026-03-04T21:16:14.753Z"}
{"level":"info","message":"[COUNTER] read 0","timestamp":"2026-03-04T21:16:14.754Z"}
{"level":"info","message":"[MAIN] Starting","timestamp":"2026-03-04T21:16:14.855Z"}
{"level":"info","message":"[COUNTER] zeroed 0","timestamp":"2026-03-04T21:16:25.938Z"}
{"level":"info","message":"[COUNTER] read 0","timestamp":"2026-03-04T21:16:25.941Z"}
{"level":"info","message":"[COUNTER] zeroed 0","timestamp":"2026-03-04T21:16:25.944Z"}
{"level":"info","message":"[COUNTER] increase 1","timestamp":"2026-03-04T21:16:25.945Z"}
{"level":"info","message":"[COUNTER] read 1","timestamp":"2026-03-04T21:16:25.945Z"}
{"level":"info","message":"[COUNTER] zeroed 0","timestamp":"2026-03-04T21:16:25.946Z"}
{"level":"info","message":"[COUNTER] increase 1","timestamp":"2026-03-04T21:16:25.946Z"}
{"level":"info","message":"[COUNTER] increase 2","timestamp":"2026-03-04T21:16:25.947Z"}
{"level":"info","message":"[COUNTER] read 2","timestamp":"2026-03-04T21:16:25.947Z"}
{"level":"info","message":"[COUNTER] zeroed 0","timestamp":"2026-03-04T21:16:25.948Z"}
{"level":"info","message":"[COUNTER] increase 1","timestamp":"2026-03-04T21:16:25.948Z"}
{"level":"info","message":"[COUNTER] zeroed 0","timestamp":"2026-03-04T21:16:25.949Z"}
{"level":"info","message":"[COUNTER] read 0","timestamp":"2026-03-04T21:16:25.949Z"}
{"level":"info","message":"[MAIN] Starting","timestamp":"2026-03-04T21:16:25.961Z"}
{"level":"info","message":"[COUNTER] zeroed 0","timestamp":"2026-03-04T21:16:25.964Z"}
{"level":"info","message":"[COUNTER] zeroed 0","timestamp":"2026-03-04T21:16:26.020Z"}
{"level":"info","message":"[ENDPOINT] GET '/counter-increase'","timestamp":"2026-03-04T21:16:26.022Z"}
{"level":"info","message":"[COUNTER] increase 1","timestamp":"2026-03-04T21:16:26.022Z"}
{"level":"info","message":"[COUNTER] read 1","timestamp":"2026-03-04T21:16:26.025Z"}
{"level":"info","message":"[COUNTER] zeroed 0","timestamp":"2026-03-04T21:16:26.026Z"}
{"level":"info","message":"[COUNTER] increase 1","timestamp":"2026-03-04T21:16:26.026Z"}
{"level":"info","message":"[ENDPOINT] GET '/counter-read'","timestamp":"2026-03-04T21:16:26.028Z"}
{"level":"info","message":"[COUNTER] read 1","timestamp":"2026-03-04T21:16:26.028Z"}
{"level":"info","message":"[COUNTER] zeroed 0","timestamp":"2026-03-04T21:16:26.032Z"}
{"level":"info","message":"[COUNTER] increase 1","timestamp":"2026-03-04T21:16:26.032Z"}
{"level":"info","message":"[ENDPOINT] GET '/counter-reset'","timestamp":"2026-03-04T21:16:26.035Z"}
{"level":"info","message":"[COUNTER] zeroed 0","timestamp":"2026-03-04T21:16:26.035Z"}
{"level":"info","message":"[COUNTER] read 0","timestamp":"2026-03-04T21:16:26.037Z"}
{"level":"info","message":"[MAIN] Stopping","timestamp":"2026-03-04T21:16:54.200Z"}
{"level":"info","message":"[COUNTER] zeroed 0","timestamp":"2026-03-04T21:18:44.505Z"}
{"level":"info","message":"[COUNTER] read 0","timestamp":"2026-03-04T21:18:44.508Z"}
{"level":"info","message":"[COUNTER] zeroed 0","timestamp":"2026-03-04T21:18:44.511Z"}
{"level":"info","message":"[COUNTER] increase 1","timestamp":"2026-03-04T21:18:44.513Z"}
{"level":"info","message":"[COUNTER] read 1","timestamp":"2026-03-04T21:18:44.513Z"}
{"level":"info","message":"[COUNTER] zeroed 0","timestamp":"2026-03-04T21:18:44.515Z"}
{"level":"info","message":"[COUNTER] increase 1","timestamp":"2026-03-04T21:18:44.516Z"}
{"level":"info","message":"[COUNTER] increase 2","timestamp":"2026-03-04T21:18:44.516Z"}
{"level":"info","message":"[COUNTER] read 2","timestamp":"2026-03-04T21:18:44.517Z"}
{"level":"info","message":"[COUNTER] zeroed 0","timestamp":"2026-03-04T21:18:44.518Z"}
{"level":"info","message":"[COUNTER] increase 1","timestamp":"2026-03-04T21:18:44.519Z"}
{"level":"info","message":"[COUNTER] zeroed 0","timestamp":"2026-03-04T21:18:44.519Z"}
{"level":"info","message":"[COUNTER] read 0","timestamp":"2026-03-04T21:18:44.520Z"}
{"level":"info","message":"[MAIN] Starting","timestamp":"2026-03-04T21:18:44.672Z"}
